{"level":"info","message":"Request from ::1","timestamp":"2017-12-12T00:01:12.998Z"}
{"level":"info","message":"Request from ::1","timestamp":"2017-12-12T00:01:13.311Z"}
{"level":"verbose","message":"Get all galleries for 5a2daa062c8da428882a3aaa","timestamp":"2017-12-12T00:01:13.313Z"}
{"level":"info","message":"Request from ::1","timestamp":"2017-12-12T00:07:01.587Z"}
{"level":"verbose","message":"Get all galleries for 5a2daa062c8da428882a3aaa","timestamp":"2017-12-12T00:07:01.588Z"}
{"level":"info","message":"Request from ::1","timestamp":"2017-12-12T00:07:47.808Z"}
{"level":"verbose","message":"Get all galleries for 5a2daa062c8da428882a3aaa","timestamp":"2017-12-12T00:07:47.809Z"}
{"level":"info","message":"Request from ::1","timestamp":"2017-12-12T00:08:31.326Z"}
{"level":"verbose","message":"Get all galleries for 5a2daa062c8da428882a3aaa","timestamp":"2017-12-12T00:08:31.326Z"}
{"level":"info","message":"Request from ::1","timestamp":"2017-12-12T00:12:13.487Z"}
{"level":"verbose","message":"Get all galleries for 5a2daa062c8da428882a3aaa","timestamp":"2017-12-12T00:12:13.488Z"}
{"level":"info","message":"Request from ::1","timestamp":"2017-12-12T00:12:47.381Z"}
{"level":"verbose","message":"Get all galleries for 5a2daa062c8da428882a3aaa","timestamp":"2017-12-12T00:12:47.382Z"}
{"level":"info","message":"Request from ::1","timestamp":"2017-12-12T00:14:15.526Z"}
{"level":"verbose","message":"Get all galleries for 5a2daa062c8da428882a3aaa","timestamp":"2017-12-12T00:14:15.526Z"}
{"level":"info","message":"Request from ::1","timestamp":"2017-12-12T00:16:02.986Z"}
{"level":"verbose","message":"Get all galleries for 5a2daa062c8da428882a3aaa","timestamp":"2017-12-12T00:16:02.987Z"}
{"level":"info","message":"Request from ::1","timestamp":"2017-12-12T00:16:15.313Z"}
{"level":"info","message":"Request from ::1","timestamp":"2017-12-12T00:16:15.524Z"}
{"level":"verbose","message":"Get all galleries for 5a2daa062c8da428882a3aaa","timestamp":"2017-12-12T00:16:15.525Z"}
{"level":"info","message":"Request from ::1","timestamp":"2017-12-12T00:22:25.813Z"}
{"level":"verbose","message":"Get all galleries for 5a2daa062c8da428882a3aaa","timestamp":"2017-12-12T00:22:25.814Z"}
{"level":"info","message":"Request from ::1","timestamp":"2017-12-12T00:22:30.136Z"}
{"level":"verbose","message":"Get all galleries for 5a2daa062c8da428882a3aaa","timestamp":"2017-12-12T00:22:30.139Z"}
{"level":"info","message":"Request from ::1","timestamp":"2017-12-12T00:22:32.273Z"}
{"level":"verbose","message":"Get all galleries for 5a2daa062c8da428882a3aaa","timestamp":"2017-12-12T00:22:32.275Z"}
{"level":"info","message":"Request from ::1","timestamp":"2017-12-12T00:22:32.464Z"}
{"level":"verbose","message":"Get all galleries for 5a2daa062c8da428882a3aaa","timestamp":"2017-12-12T00:22:32.464Z"}
{"level":"info","message":"Request from ::1","timestamp":"2017-12-12T00:26:41.024Z"}
{"level":"verbose","message":"Get all galleries for 5a2daa062c8da428882a3aaa","timestamp":"2017-12-12T00:26:41.025Z"}
{"level":"info","message":"Request from ::1","timestamp":"2017-12-12T00:26:41.130Z"}
{"level":"verbose","message":"Get all galleries for 5a2daa062c8da428882a3aaa","timestamp":"2017-12-12T00:26:41.134Z"}
{"level":"info","message":"Request from ::1","timestamp":"2017-12-12T00:27:36.896Z"}
{"level":"verbose","message":"Get all galleries for 5a2daa062c8da428882a3aaa","timestamp":"2017-12-12T00:27:36.897Z"}
{"level":"info","message":"Request from ::1","timestamp":"2017-12-12T00:27:36.998Z"}
{"level":"verbose","message":"Get all galleries for 5a2daa062c8da428882a3aaa","timestamp":"2017-12-12T00:27:36.999Z"}
{"level":"info","message":"Request from ::1","timestamp":"2017-12-12T00:29:33.112Z"}
{"level":"verbose","message":"Get all galleries for 5a2daa062c8da428882a3aaa","timestamp":"2017-12-12T00:29:33.112Z"}
{"level":"info","message":"Request from ::1","timestamp":"2017-12-12T00:29:33.268Z"}
{"level":"verbose","message":"Get all galleries for 5a2daa062c8da428882a3aaa","timestamp":"2017-12-12T00:29:33.269Z"}
{"level":"info","message":"Request from ::1","timestamp":"2017-12-12T00:29:53.908Z"}
{"level":"verbose","message":"Get all galleries for 5a2daa062c8da428882a3aaa","timestamp":"2017-12-12T00:29:53.910Z"}
{"level":"info","message":"Request from ::1","timestamp":"2017-12-12T00:29:53.934Z"}
{"level":"verbose","message":"Get all galleries for 5a2daa062c8da428882a3aaa","timestamp":"2017-12-12T00:29:53.935Z"}
{"level":"info","message":"Request from ::1","timestamp":"2017-12-12T00:31:07.262Z"}
{"level":"verbose","message":"Get all galleries for 5a2daa062c8da428882a3aaa","timestamp":"2017-12-12T00:31:07.263Z"}
{"level":"info","message":"Request from ::1","timestamp":"2017-12-12T00:31:07.388Z"}
{"level":"verbose","message":"Get all galleries for 5a2daa062c8da428882a3aaa","timestamp":"2017-12-12T00:31:07.389Z"}
{"level":"info","message":"Request from ::1","timestamp":"2017-12-12T00:32:20.450Z"}
{"level":"verbose","message":"Get all galleries for 5a2daa062c8da428882a3aaa","timestamp":"2017-12-12T00:32:20.452Z"}
{"level":"info","message":"Request from ::1","timestamp":"2017-12-12T00:32:20.470Z"}
{"level":"verbose","message":"Get all galleries for 5a2daa062c8da428882a3aaa","timestamp":"2017-12-12T00:32:20.472Z"}
{"level":"info","message":"Request from ::1","timestamp":"2017-12-12T00:33:18.375Z"}
{"level":"verbose","message":"Get all galleries for 5a2daa062c8da428882a3aaa","timestamp":"2017-12-12T00:33:18.376Z"}
{"level":"info","message":"Request from ::1","timestamp":"2017-12-12T00:33:18.554Z"}
{"level":"verbose","message":"Get all galleries for 5a2daa062c8da428882a3aaa","timestamp":"2017-12-12T00:33:18.557Z"}
{"level":"info","message":"Request from ::1","timestamp":"2017-12-12T00:33:44.103Z"}
{"level":"verbose","message":"Get all galleries for 5a2daa062c8da428882a3aaa","timestamp":"2017-12-12T00:33:44.104Z"}
{"level":"info","message":"Request from ::1","timestamp":"2017-12-12T00:33:44.222Z"}
{"level":"verbose","message":"Get all galleries for 5a2daa062c8da428882a3aaa","timestamp":"2017-12-12T00:33:44.224Z"}
{"level":"info","message":"Request from ::1","timestamp":"2017-12-12T00:34:01.121Z"}
{"level":"verbose","message":"Get all galleries for 5a2daa062c8da428882a3aaa","timestamp":"2017-12-12T00:34:01.122Z"}
{"level":"info","message":"Request from ::1","timestamp":"2017-12-12T00:36:40.288Z"}
{"level":"verbose","message":"Get all galleries for 5a2daa062c8da428882a3aaa","timestamp":"2017-12-12T00:36:40.289Z"}
{"level":"info","message":"Request from ::1","timestamp":"2017-12-12T00:36:40.437Z"}
{"level":"verbose","message":"Get all galleries for 5a2daa062c8da428882a3aaa","timestamp":"2017-12-12T00:36:40.438Z"}
{"level":"info","message":"Request from ::1","timestamp":"2017-12-12T00:40:56.109Z"}
{"level":"verbose","message":"Get all galleries for 5a2daa062c8da428882a3aaa","timestamp":"2017-12-12T00:40:56.189Z"}
{"level":"info","message":"Request from ::1","timestamp":"2017-12-12T00:40:56.243Z"}
{"level":"verbose","message":"Get all galleries for 5a2daa062c8da428882a3aaa","timestamp":"2017-12-12T00:40:56.244Z"}
{"level":"info","message":"Loading Mongoose functionality","timestamp":"2017-12-12T00:41:01.852Z"}
{"level":"info","message":"Starting application","timestamp":"2017-12-12T00:41:02.764Z"}
{"level":"info","message":"HTTP Server listening on port: 5000, in development mode","timestamp":"2017-12-12T00:41:02.799Z"}
{"level":"info","message":"Mongoose connected to the database","timestamp":"2017-12-12T00:41:02.896Z"}
{"level":"info","message":"Request from ::ffff:127.0.0.1","timestamp":"2017-12-12T00:41:02.992Z"}
{"level":"verbose","message":"Get all galleries for 5a2daa062c8da428882a3aaa","timestamp":"2017-12-12T00:41:02.995Z"}
{"level":"info","message":"Request from ::ffff:127.0.0.1","timestamp":"2017-12-12T00:41:03.063Z"}
{"level":"verbose","message":"Get all galleries for 5a2daa062c8da428882a3aaa","timestamp":"2017-12-12T00:41:03.065Z"}
{"level":"info","message":"Request from ::1","timestamp":"2017-12-12T00:43:45.629Z"}
{"level":"verbose","message":"Get all galleries for 5a2daa062c8da428882a3aaa","timestamp":"2017-12-12T00:43:45.630Z"}
{"level":"info","message":"Request from ::1","timestamp":"2017-12-12T00:44:06.440Z"}
{"level":"verbose","message":"Create pic","timestamp":"2017-12-12T00:44:06.482Z"}
{"level":"info","message":"Request from ::1","timestamp":"2017-12-12T00:44:38.076Z"}
{"level":"verbose","message":"Get all galleries for 5a2daa062c8da428882a3aaa","timestamp":"2017-12-12T00:44:38.080Z"}
{"level":"info","message":"Request from ::1","timestamp":"2017-12-12T00:44:43.738Z"}
{"level":"verbose","message":"Create pic","timestamp":"2017-12-12T00:44:43.742Z"}
{"level":"info","message":"Request from ::1","timestamp":"2017-12-12T00:44:43.795Z"}
{"level":"info","message":"Loading Mongoose functionality","timestamp":"2017-12-12T00:45:45.889Z"}
{"level":"info","message":"Starting application","timestamp":"2017-12-12T00:45:46.369Z"}
{"level":"info","message":"HTTP Server listening on port: 5000, in development mode","timestamp":"2017-12-12T00:45:46.391Z"}
{"level":"info","message":"Mongoose connected to the database","timestamp":"2017-12-12T00:45:46.460Z"}
{"level":"info","message":"Request from ::1","timestamp":"2017-12-12T00:45:59.967Z"}
{"level":"verbose","message":"Create pic","timestamp":"2017-12-12T00:46:00.019Z"}
{"level":"info","message":"Request from ::1","timestamp":"2017-12-12T00:46:00.433Z"}
{"level":"info","message":"Request from ::1","timestamp":"2017-12-12T00:47:20.443Z"}
{"level":"verbose","message":"Create pic","timestamp":"2017-12-12T00:47:20.445Z"}
{"level":"info","message":"Request from ::1","timestamp":"2017-12-12T00:47:20.554Z"}
{"level":"info","message":"Request from ::1","timestamp":"2017-12-12T00:51:07.343Z"}
{"level":"verbose","message":"Create pic","timestamp":"2017-12-12T00:51:07.344Z"}
{"level":"info","message":"Request from ::1","timestamp":"2017-12-12T00:51:07.434Z"}
{"level":"info","message":"Loading Mongoose functionality","timestamp":"2017-12-12T00:55:24.256Z"}
{"level":"info","message":"Starting application","timestamp":"2017-12-12T00:55:24.652Z"}
{"level":"info","message":"HTTP Server listening on port: 5000, in development mode","timestamp":"2017-12-12T00:55:24.672Z"}
{"level":"info","message":"Mongoose connected to the database","timestamp":"2017-12-12T00:55:24.730Z"}
{"level":"info","message":"Request from ::1","timestamp":"2017-12-12T00:55:41.196Z"}
{"level":"verbose","message":"Create pic","timestamp":"2017-12-12T00:55:41.259Z"}
{"level":"info","message":"Request from ::1","timestamp":"2017-12-12T00:55:41.382Z"}
{"level":"info","message":"Loading Mongoose functionality","timestamp":"2017-12-12T00:56:15.970Z"}
{"level":"info","message":"Starting application","timestamp":"2017-12-12T00:56:16.732Z"}
{"level":"info","message":"HTTP Server listening on port: 5000, in development mode","timestamp":"2017-12-12T00:56:16.756Z"}
{"level":"info","message":"Mongoose connected to the database","timestamp":"2017-12-12T00:56:16.807Z"}
{"level":"info","message":"Request from ::1","timestamp":"2017-12-12T00:56:21.989Z"}
{"level":"verbose","message":"Create pic","timestamp":"2017-12-12T00:56:22.029Z"}
{"level":"info","message":"Request from ::1","timestamp":"2017-12-12T00:56:22.152Z"}
{"level":"verbose","message":"Upload file for pic 5a2f293634dcce2de4942b14 and 5a2daa062c8da428882a3aaa","timestamp":"2017-12-12T00:56:22.195Z"}
{"level":"info","message":"Loading Mongoose functionality","timestamp":"2017-12-12T01:01:26.178Z"}
{"level":"info","message":"Starting application","timestamp":"2017-12-12T01:01:26.589Z"}
{"level":"info","message":"HTTP Server listening on port: 5000, in development mode","timestamp":"2017-12-12T01:01:26.610Z"}
{"level":"info","message":"Mongoose connected to the database","timestamp":"2017-12-12T01:01:26.666Z"}
{"level":"info","message":"Request from ::1","timestamp":"2017-12-12T01:01:34.481Z"}
{"level":"verbose","message":"Create pic","timestamp":"2017-12-12T01:01:34.523Z"}
{"level":"info","message":"Request from ::1","timestamp":"2017-12-12T01:01:34.675Z"}
{"level":"verbose","message":"Upload file for pic 5a2f2a6ebb8dd423c8840f3b and 5a2daa062c8da428882a3aaa","timestamp":"2017-12-12T01:01:34.730Z"}
{"level":"info","message":"Loading Mongoose functionality","timestamp":"2017-12-12T01:02:25.785Z"}
{"level":"info","message":"Starting application","timestamp":"2017-12-12T01:02:26.196Z"}
{"level":"info","message":"HTTP Server listening on port: 5000, in development mode","timestamp":"2017-12-12T01:02:26.214Z"}
{"level":"info","message":"Mongoose connected to the database","timestamp":"2017-12-12T01:02:26.265Z"}
{"level":"info","message":"Request from ::1","timestamp":"2017-12-12T01:02:33.005Z"}
{"level":"verbose","message":"Create pic","timestamp":"2017-12-12T01:02:33.048Z"}
{"level":"info","message":"Request from ::1","timestamp":"2017-12-12T01:02:33.188Z"}
{"level":"verbose","message":"Upload file for pic 5a2f2aa9bea2792bb8a09006 and 5a2daa062c8da428882a3aaa","timestamp":"2017-12-12T01:02:33.216Z"}
{"level":"info","message":"Request from ::1","timestamp":"2017-12-12T01:02:52.081Z"}
{"level":"verbose","message":"Create pic","timestamp":"2017-12-12T01:02:52.084Z"}
{"level":"info","message":"Request from ::1","timestamp":"2017-12-12T01:02:52.177Z"}
{"level":"verbose","message":"Upload file for pic 5a2f2abcbea2792bb8a09007 and 5a2daa062c8da428882a3aaa","timestamp":"2017-12-12T01:02:52.202Z"}
{"level":"info","message":"Request from ::1","timestamp":"2017-12-12T01:03:05.013Z"}
{"level":"verbose","message":"Get all galleries for 5a2daa062c8da428882a3aaa","timestamp":"2017-12-12T01:03:05.015Z"}
{"level":"info","message":"Request from ::1","timestamp":"2017-12-12T01:04:19.341Z"}
{"level":"verbose","message":"Get all galleries for 5a2daa062c8da428882a3aaa","timestamp":"2017-12-12T01:04:19.342Z"}
{"level":"info","message":"Loading Mongoose functionality","timestamp":"2017-12-12T01:04:23.042Z"}
{"level":"info","message":"Starting application","timestamp":"2017-12-12T01:04:23.449Z"}
{"level":"info","message":"HTTP Server listening on port: 5000, in development mode","timestamp":"2017-12-12T01:04:23.471Z"}
{"level":"info","message":"Mongoose connected to the database","timestamp":"2017-12-12T01:04:23.527Z"}
{"level":"info","message":"Loading Mongoose functionality","timestamp":"2017-12-12T01:04:27.841Z"}
{"level":"info","message":"Starting application","timestamp":"2017-12-12T01:04:28.339Z"}
{"level":"info","message":"HTTP Server listening on port: 5000, in development mode","timestamp":"2017-12-12T01:04:28.358Z"}
{"level":"info","message":"Mongoose connected to the database","timestamp":"2017-12-12T01:04:28.415Z"}
{"level":"info","message":"Request from ::1","timestamp":"2017-12-12T01:04:33.023Z"}
{"level":"verbose","message":"Get all galleries for 5a2daa062c8da428882a3aaa","timestamp":"2017-12-12T01:04:33.026Z"}
{"level":"info","message":"Request from ::1","timestamp":"2017-12-12T01:04:45.107Z"}
{"level":"verbose","message":"Get all galleries for 5a2daa062c8da428882a3aaa","timestamp":"2017-12-12T01:04:45.108Z"}
{"level":"info","message":"Request from ::1","timestamp":"2017-12-12T01:05:37.885Z"}
{"level":"verbose","message":"Get all galleries for 5a2daa062c8da428882a3aaa","timestamp":"2017-12-12T01:05:37.886Z"}
{"level":"info","message":"Request from ::1","timestamp":"2017-12-12T01:07:27.282Z"}
{"level":"verbose","message":"Get all galleries for 5a2daa062c8da428882a3aaa","timestamp":"2017-12-12T01:07:27.283Z"}
{"level":"info","message":"Loading Mongoose functionality","timestamp":"2017-12-12T17:29:29.779Z"}
{"level":"info","message":"Starting application","timestamp":"2017-12-12T17:29:32.076Z"}
{"level":"info","message":"HTTP Server listening on port: 5000, in development mode","timestamp":"2017-12-12T17:29:32.130Z"}
{"level":"info","message":"Mongoose connected to the database","timestamp":"2017-12-12T17:29:32.204Z"}
{"level":"info","message":"Request from ::1","timestamp":"2017-12-12T17:31:18.154Z"}
{"level":"info","message":"Request from ::1","timestamp":"2017-12-12T17:31:18.824Z"}
{"level":"verbose","message":"Get all galleries for 5a2daa062c8da428882a3aaa","timestamp":"2017-12-12T17:31:18.826Z"}
{"level":"info","message":"Request from ::1","timestamp":"2017-12-12T17:31:28.164Z"}
{"level":"verbose","message":"Create pic","timestamp":"2017-12-12T17:31:28.166Z"}
{"level":"info","message":"Request from ::1","timestamp":"2017-12-12T17:31:28.535Z"}
{"level":"verbose","message":"Upload file for pic 5a301270dc475711d82c1b77 and 5a2daa062c8da428882a3aaa","timestamp":"2017-12-12T17:31:28.577Z"}
{"level":"info","message":"Loading Mongoose functionality","timestamp":"2017-12-12T17:37:16.129Z"}
{"level":"info","message":"Starting application","timestamp":"2017-12-12T17:37:16.618Z"}
{"level":"info","message":"HTTP Server listening on port: 5000, in development mode","timestamp":"2017-12-12T17:37:16.644Z"}
{"level":"info","message":"Mongoose connected to the database","timestamp":"2017-12-12T17:37:16.710Z"}
{"level":"info","message":"Request from ::1","timestamp":"2017-12-12T17:37:57.865Z"}
{"level":"info","message":"Request from ::1","timestamp":"2017-12-12T17:37:58.187Z"}
{"level":"verbose","message":"Get all galleries for 5a2daa062c8da428882a3aaa","timestamp":"2017-12-12T17:37:58.188Z"}
{"level":"info","message":"Request from ::1","timestamp":"2017-12-12T17:38:06.605Z"}
{"level":"verbose","message":"Create pic","timestamp":"2017-12-12T17:38:06.607Z"}
{"level":"info","message":"Request from ::1","timestamp":"2017-12-12T17:38:06.672Z"}
{"level":"verbose","message":"Upload file for pic 5a3013fe35cc6c03cc82f8c7 and 5a2daa062c8da428882a3aaa","timestamp":"2017-12-12T17:38:06.796Z"}
{"level":"info","message":"Request from ::1","timestamp":"2017-12-12T17:40:23.235Z"}
{"level":"verbose","message":"Get all galleries for 5a2daa062c8da428882a3aaa","timestamp":"2017-12-12T17:40:23.235Z"}
{"level":"info","message":"Request from ::1","timestamp":"2017-12-12T17:40:29.468Z"}
{"level":"verbose","message":"Create pic","timestamp":"2017-12-12T17:40:29.469Z"}
{"level":"info","message":"Request from ::1","timestamp":"2017-12-12T17:40:29.499Z"}
{"level":"verbose","message":"Upload file for pic 5a30148d35cc6c03cc82f8c8 and 5a2daa062c8da428882a3aaa","timestamp":"2017-12-12T17:40:29.563Z"}
{"level":"info","message":"Request from ::1","timestamp":"2017-12-12T17:41:03.926Z"}
{"level":"verbose","message":"Get all galleries for 5a2daa062c8da428882a3aaa","timestamp":"2017-12-12T17:41:03.927Z"}
{"level":"info","message":"Request from ::1","timestamp":"2017-12-12T17:41:08.863Z"}
{"level":"verbose","message":"Create pic","timestamp":"2017-12-12T17:41:08.864Z"}
{"level":"info","message":"Request from ::1","timestamp":"2017-12-12T17:41:08.919Z"}
{"level":"verbose","message":"Upload file for pic 5a3014b435cc6c03cc82f8c9 and 5a2daa062c8da428882a3aaa","timestamp":"2017-12-12T17:41:08.975Z"}
{"level":"info","message":"Request from ::1","timestamp":"2017-12-12T17:41:20.284Z"}
{"level":"verbose","message":"Get all galleries for 5a2daa062c8da428882a3aaa","timestamp":"2017-12-12T17:41:20.285Z"}
{"level":"info","message":"Request from ::1","timestamp":"2017-12-12T17:41:25.247Z"}
{"level":"verbose","message":"Create pic","timestamp":"2017-12-12T17:41:25.248Z"}
{"level":"info","message":"Request from ::1","timestamp":"2017-12-12T17:41:25.308Z"}
{"level":"verbose","message":"Upload file for pic 5a3014c535cc6c03cc82f8ca and 5a2daa062c8da428882a3aaa","timestamp":"2017-12-12T17:41:25.364Z"}
{"level":"info","message":"Request from ::1","timestamp":"2017-12-12T17:42:22.754Z"}
{"level":"verbose","message":"Get all galleries for 5a2daa062c8da428882a3aaa","timestamp":"2017-12-12T17:42:22.755Z"}
{"level":"info","message":"Request from ::1","timestamp":"2017-12-12T17:42:27.364Z"}
{"level":"verbose","message":"Create pic","timestamp":"2017-12-12T17:42:27.367Z"}
{"level":"info","message":"Request from ::1","timestamp":"2017-12-12T17:42:27.425Z"}
{"level":"verbose","message":"Upload file for pic 5a30150335cc6c03cc82f8cb and 5a2daa062c8da428882a3aaa","timestamp":"2017-12-12T17:42:27.439Z"}
{"level":"info","message":"Request from ::1","timestamp":"2017-12-12T17:42:29.251Z"}
{"level":"info","message":"Request from ::1","timestamp":"2017-12-12T17:42:45.633Z"}
{"level":"verbose","message":"Get all galleries for 5a2daa062c8da428882a3aaa","timestamp":"2017-12-12T17:42:45.634Z"}
{"level":"info","message":"Request from ::1","timestamp":"2017-12-12T17:42:49.499Z"}
{"level":"verbose","message":"Create pic","timestamp":"2017-12-12T17:42:49.501Z"}
{"level":"info","message":"Request from ::1","timestamp":"2017-12-12T17:42:49.563Z"}
{"level":"verbose","message":"Upload file for pic 5a30151935cc6c03cc82f8cc and 5a2daa062c8da428882a3aaa","timestamp":"2017-12-12T17:42:49.634Z"}
{"level":"info","message":"Request from ::1","timestamp":"2017-12-12T17:43:03.430Z"}
{"level":"verbose","message":"Get all galleries for 5a2daa062c8da428882a3aaa","timestamp":"2017-12-12T17:43:03.431Z"}
{"level":"info","message":"Request from ::1","timestamp":"2017-12-12T17:43:07.489Z"}
{"level":"verbose","message":"Create pic","timestamp":"2017-12-12T17:43:07.490Z"}
{"level":"info","message":"Request from ::1","timestamp":"2017-12-12T17:43:07.558Z"}
{"level":"verbose","message":"Upload file for pic 5a30152b35cc6c03cc82f8cd and 5a2daa062c8da428882a3aaa","timestamp":"2017-12-12T17:43:07.569Z"}
{"level":"info","message":"Request from ::1","timestamp":"2017-12-12T17:45:10.337Z"}
{"level":"verbose","message":"Get all galleries for 5a2daa062c8da428882a3aaa","timestamp":"2017-12-12T17:45:10.337Z"}
{"level":"info","message":"Request from ::1","timestamp":"2017-12-12T17:45:14.921Z"}
{"level":"verbose","message":"Create pic","timestamp":"2017-12-12T17:45:14.922Z"}
{"level":"info","message":"Request from ::1","timestamp":"2017-12-12T17:45:14.992Z"}
{"level":"verbose","message":"Upload file for pic 5a3015aa35cc6c03cc82f8ce and 5a2daa062c8da428882a3aaa","timestamp":"2017-12-12T17:45:15.126Z"}
{"level":"info","message":"Request from ::1","timestamp":"2017-12-12T17:45:51.176Z"}
{"level":"verbose","message":"Get all galleries for 5a2daa062c8da428882a3aaa","timestamp":"2017-12-12T17:45:51.177Z"}
{"level":"info","message":"Request from ::1","timestamp":"2017-12-12T17:45:56.262Z"}
{"level":"verbose","message":"Create pic","timestamp":"2017-12-12T17:45:56.268Z"}
{"level":"info","message":"Request from ::1","timestamp":"2017-12-12T17:45:56.344Z"}
{"level":"verbose","message":"Upload file for pic 5a3015d435cc6c03cc82f8cf and 5a2daa062c8da428882a3aaa","timestamp":"2017-12-12T17:45:56.437Z"}
{"level":"info","message":"Request from ::1","timestamp":"2017-12-12T17:47:52.485Z"}
{"level":"verbose","message":"Get all galleries for 5a2daa062c8da428882a3aaa","timestamp":"2017-12-12T17:47:52.486Z"}
{"level":"info","message":"Request from ::1","timestamp":"2017-12-12T17:47:59.855Z"}
{"level":"verbose","message":"Create pic","timestamp":"2017-12-12T17:47:59.857Z"}
{"level":"info","message":"Request from ::1","timestamp":"2017-12-12T17:47:59.906Z"}
{"level":"verbose","message":"Upload file for pic 5a30164f35cc6c03cc82f8d0 and 5a2daa062c8da428882a3aaa","timestamp":"2017-12-12T17:47:59.911Z"}
{"level":"info","message":"Loading Mongoose functionality","timestamp":"2017-12-12T17:52:41.645Z"}
{"level":"info","message":"Starting application","timestamp":"2017-12-12T17:52:42.041Z"}
{"level":"info","message":"HTTP Server listening on port: 5000, in development mode","timestamp":"2017-12-12T17:52:42.059Z"}
{"level":"info","message":"Mongoose connected to the database","timestamp":"2017-12-12T17:52:42.113Z"}
{"level":"info","message":"Request from ::1","timestamp":"2017-12-12T17:53:03.265Z"}
{"level":"info","message":"Request from ::1","timestamp":"2017-12-12T17:53:03.639Z"}
{"level":"verbose","message":"Get all galleries for 5a2daa062c8da428882a3aaa","timestamp":"2017-12-12T17:53:03.641Z"}
{"level":"info","message":"Request from ::1","timestamp":"2017-12-12T17:53:09.411Z"}
{"level":"verbose","message":"Create pic","timestamp":"2017-12-12T17:53:09.413Z"}
{"level":"info","message":"Request from ::1","timestamp":"2017-12-12T17:53:09.507Z"}
{"level":"verbose","message":"Upload file for pic 5a3017857df21315c04a1fce and 5a2daa062c8da428882a3aaa","timestamp":"2017-12-12T17:53:09.575Z"}
{"level":"info","message":"Request from ::1","timestamp":"2017-12-12T17:53:50.011Z"}
{"level":"verbose","message":"Get all galleries for 5a2daa062c8da428882a3aaa","timestamp":"2017-12-12T17:53:50.012Z"}
{"level":"info","message":"Request from ::1","timestamp":"2017-12-12T17:54:39.161Z"}
{"level":"verbose","message":"Get all galleries for 5a2daa062c8da428882a3aaa","timestamp":"2017-12-12T17:54:39.162Z"}
{"level":"info","message":"Request from ::1","timestamp":"2017-12-12T17:54:44.094Z"}
{"level":"verbose","message":"Create pic","timestamp":"2017-12-12T17:54:44.099Z"}
{"level":"info","message":"Request from ::1","timestamp":"2017-12-12T17:54:44.156Z"}
{"level":"verbose","message":"Upload file for pic 5a3017e47df21315c04a1fcf and 5a2daa062c8da428882a3aaa","timestamp":"2017-12-12T17:54:44.231Z"}
{"level":"info","message":"Request from ::1","timestamp":"2017-12-12T17:54:46.037Z"}
{"level":"info","message":"Request from ::1","timestamp":"2017-12-12T17:55:01.635Z"}
{"level":"verbose","message":"Create pic","timestamp":"2017-12-12T17:55:01.654Z"}
{"level":"info","message":"Request from ::1","timestamp":"2017-12-12T17:55:01.703Z"}
{"level":"verbose","message":"Upload file for pic 5a3017f57df21315c04a1fd0 and 5a2daa062c8da428882a3aaa","timestamp":"2017-12-12T17:55:01.867Z"}
{"level":"info","message":"Request from ::1","timestamp":"2017-12-12T17:55:03.192Z"}
{"level":"info","message":"Request from ::1","timestamp":"2017-12-12T18:01:00.753Z"}
{"level":"verbose","message":"Get all galleries for 5a2daa062c8da428882a3aaa","timestamp":"2017-12-12T18:01:00.754Z"}
{"level":"info","message":"Request from ::1","timestamp":"2017-12-12T18:01:06.257Z"}
{"level":"verbose","message":"Create pic","timestamp":"2017-12-12T18:01:06.259Z"}
{"level":"info","message":"Request from ::1","timestamp":"2017-12-12T18:01:06.298Z"}
{"level":"verbose","message":"Upload file for pic 5a3019627df21315c04a1fd1 and 5a2daa062c8da428882a3aaa","timestamp":"2017-12-12T18:01:06.335Z"}
{"level":"info","message":"Request from ::1","timestamp":"2017-12-12T18:02:35.696Z"}
{"level":"verbose","message":"Get all galleries for 5a2daa062c8da428882a3aaa","timestamp":"2017-12-12T18:02:35.697Z"}
{"level":"info","message":"Request from ::1","timestamp":"2017-12-12T18:03:07.088Z"}
{"level":"verbose","message":"Create pic","timestamp":"2017-12-12T18:03:07.090Z"}
{"level":"info","message":"Request from ::1","timestamp":"2017-12-12T18:03:07.154Z"}
{"level":"verbose","message":"Upload file for pic 5a3019db7df21315c04a1fd2 and 5a2daa062c8da428882a3aaa","timestamp":"2017-12-12T18:03:07.169Z"}
{"level":"info","message":"Request from ::1","timestamp":"2017-12-12T18:05:06.028Z"}
{"level":"verbose","message":"Get all galleries for 5a2daa062c8da428882a3aaa","timestamp":"2017-12-12T18:05:06.028Z"}
{"level":"info","message":"Request from ::1","timestamp":"2017-12-12T18:05:46.082Z"}
{"level":"verbose","message":"Get all galleries for 5a2daa062c8da428882a3aaa","timestamp":"2017-12-12T18:05:46.083Z"}
{"level":"info","message":"Request from ::1","timestamp":"2017-12-12T18:05:56.759Z"}
{"level":"verbose","message":"Get all galleries for 5a2daa062c8da428882a3aaa","timestamp":"2017-12-12T18:05:56.760Z"}
{"level":"info","message":"Request from ::1","timestamp":"2017-12-12T18:06:04.943Z"}
{"level":"verbose","message":"Create pic","timestamp":"2017-12-12T18:06:04.944Z"}
{"level":"info","message":"Request from ::1","timestamp":"2017-12-12T18:06:05.000Z"}
{"level":"verbose","message":"Upload file for pic 5a301a8c7df21315c04a1fd3 and 5a2daa062c8da428882a3aaa","timestamp":"2017-12-12T18:06:05.061Z"}
{"level":"info","message":"Request from ::1","timestamp":"2017-12-12T18:08:18.049Z"}
{"level":"verbose","message":"Get all galleries for 5a2daa062c8da428882a3aaa","timestamp":"2017-12-12T18:08:18.050Z"}
{"level":"info","message":"Request from ::1","timestamp":"2017-12-12T18:08:24.524Z"}
{"level":"verbose","message":"Create pic","timestamp":"2017-12-12T18:08:24.526Z"}
{"level":"info","message":"Request from ::1","timestamp":"2017-12-12T18:08:24.565Z"}
{"level":"verbose","message":"Upload file for pic 5a301b187df21315c04a1fd4 and 5a2daa062c8da428882a3aaa","timestamp":"2017-12-12T18:08:24.583Z"}
{"level":"info","message":"Request from ::1","timestamp":"2017-12-12T18:08:40.212Z"}
{"level":"verbose","message":"Get all galleries for 5a2daa062c8da428882a3aaa","timestamp":"2017-12-12T18:08:40.212Z"}
{"level":"info","message":"Request from ::1","timestamp":"2017-12-12T18:08:44.257Z"}
{"level":"verbose","message":"Create pic","timestamp":"2017-12-12T18:08:44.259Z"}
{"level":"info","message":"Request from ::1","timestamp":"2017-12-12T18:08:44.319Z"}
{"level":"verbose","message":"Upload file for pic 5a301b2c7df21315c04a1fd5 and 5a2daa062c8da428882a3aaa","timestamp":"2017-12-12T18:08:44.377Z"}
{"level":"info","message":"Request from ::1","timestamp":"2017-12-12T18:08:52.081Z"}
{"level":"verbose","message":"Create pic","timestamp":"2017-12-12T18:08:52.082Z"}
{"level":"info","message":"Request from ::1","timestamp":"2017-12-12T18:08:52.142Z"}
{"level":"verbose","message":"Upload file for pic 5a301b347df21315c04a1fd6 and 5a2daa062c8da428882a3aaa","timestamp":"2017-12-12T18:08:52.279Z"}
{"level":"info","message":"Request from ::1","timestamp":"2017-12-12T18:09:47.580Z"}
{"level":"verbose","message":"Delete gallery 5a2f18a228859a21a47df673","timestamp":"2017-12-12T18:09:47.582Z"}
{"level":"info","message":"Request from ::1","timestamp":"2017-12-12T18:12:31.632Z"}
{"level":"verbose","message":"Get all galleries for 5a2daa062c8da428882a3aaa","timestamp":"2017-12-12T18:12:31.634Z"}
{"level":"info","message":"Request from ::1","timestamp":"2017-12-12T18:12:37.636Z"}
{"level":"verbose","message":"Create gallery","timestamp":"2017-12-12T18:12:37.638Z"}
{"level":"info","message":"Request from ::1","timestamp":"2017-12-12T18:12:44.069Z"}
{"level":"verbose","message":"Create pic","timestamp":"2017-12-12T18:12:44.072Z"}
{"level":"info","message":"Request from ::1","timestamp":"2017-12-12T18:12:44.225Z"}
{"level":"verbose","message":"Upload file for pic 5a301c1c7df21315c04a1fd8 and 5a2daa062c8da428882a3aaa","timestamp":"2017-12-12T18:12:44.288Z"}
{"level":"info","message":"Request from ::1","timestamp":"2017-12-12T18:13:53.384Z"}
{"level":"verbose","message":"Create pic","timestamp":"2017-12-12T18:13:53.386Z"}
{"level":"info","message":"Request from ::1","timestamp":"2017-12-12T18:13:53.434Z"}
{"level":"verbose","message":"Upload file for pic 5a301c617df21315c04a1fd9 and 5a2daa062c8da428882a3aaa","timestamp":"2017-12-12T18:13:53.478Z"}
{"level":"info","message":"Request from ::1","timestamp":"2017-12-12T18:16:08.447Z"}
{"level":"verbose","message":"Get all galleries for 5a2daa062c8da428882a3aaa","timestamp":"2017-12-12T18:16:08.448Z"}
{"level":"info","message":"Request from ::1","timestamp":"2017-12-12T18:16:14.675Z"}
{"level":"verbose","message":"Create pic","timestamp":"2017-12-12T18:16:14.679Z"}
{"level":"info","message":"Request from ::1","timestamp":"2017-12-12T18:16:14.744Z"}
{"level":"verbose","message":"Upload file for pic 5a301cee7df21315c04a1fda and 5a2daa062c8da428882a3aaa","timestamp":"2017-12-12T18:16:14.819Z"}
{"level":"info","message":"Request from ::1","timestamp":"2017-12-12T18:47:53.730Z"}
{"level":"verbose","message":"Get all galleries for 5a2daa062c8da428882a3aaa","timestamp":"2017-12-12T18:47:53.732Z"}
{"level":"info","message":"Request from ::1","timestamp":"2017-12-12T18:47:58.868Z"}
{"level":"info","message":"Request from ::1","timestamp":"2017-12-12T18:47:59.103Z"}
{"level":"verbose","message":"Get all galleries for 5a2daa062c8da428882a3aaa","timestamp":"2017-12-12T18:47:59.104Z"}
{"level":"info","message":"Request from ::1","timestamp":"2017-12-12T18:48:04.317Z"}
{"level":"verbose","message":"Create pic","timestamp":"2017-12-12T18:48:04.331Z"}
{"level":"info","message":"Request from ::1","timestamp":"2017-12-12T18:48:04.365Z"}
{"level":"info","message":"Request from ::1","timestamp":"2017-12-12T18:48:04.413Z"}
{"level":"verbose","message":"Upload file for pic 5a3024647df21315c04a1fdb and 5a2daa062c8da428882a3aaa","timestamp":"2017-12-12T18:48:04.509Z"}
