{"level":"info","message":"Loading Mongoose functionality","timestamp":"2017-12-13T00:54:40.963Z"}
{"level":"info","message":"Starting application","timestamp":"2017-12-13T00:54:45.592Z"}
{"level":"info","message":"HTTP Server listening on port: 5000, in development mode","timestamp":"2017-12-13T00:54:45.654Z"}
{"level":"info","message":"Mongoose connected to the database","timestamp":"2017-12-13T00:54:45.878Z"}
{"level":"info","message":"Request from ::1","timestamp":"2017-12-13T00:56:38.911Z"}
{"level":"info","message":"Request from ::1","timestamp":"2017-12-13T00:56:39.754Z"}
{"level":"verbose","message":"Get all galleries for 5a2daa062c8da428882a3aaa","timestamp":"2017-12-13T00:56:39.756Z"}
{"level":"info","message":"Request from ::1","timestamp":"2017-12-13T00:57:02.397Z"}
{"level":"verbose","message":"Create pic","timestamp":"2017-12-13T00:57:02.402Z"}
{"level":"info","message":"Request from ::1","timestamp":"2017-12-13T00:57:02.527Z"}
{"level":"info","message":"Request from ::1","timestamp":"2017-12-13T00:57:02.571Z"}
{"level":"verbose","message":"Upload file for pic 5a307ade85ee6f2b248596aa and 5a2daa062c8da428882a3aaa","timestamp":"2017-12-13T00:57:03.001Z"}
{"level":"info","message":"Loading Mongoose functionality","timestamp":"2017-12-13T21:22:33.677Z"}
{"level":"info","message":"Starting application","timestamp":"2017-12-13T21:22:36.629Z"}
{"level":"info","message":"HTTP Server listening on port: 5000, in development mode","timestamp":"2017-12-13T21:22:36.706Z"}
{"level":"info","message":"Mongoose connected to the database","timestamp":"2017-12-13T21:22:36.918Z"}
{"level":"info","message":"Request from ::1","timestamp":"2017-12-13T21:24:36.284Z"}
{"level":"info","message":"Request from ::1","timestamp":"2017-12-13T21:24:37.024Z"}
{"level":"verbose","message":"Get all galleries for 5a2daa062c8da428882a3aaa","timestamp":"2017-12-13T21:24:37.028Z"}
{"level":"info","message":"Request from ::1","timestamp":"2017-12-13T21:24:46.865Z"}
{"level":"verbose","message":"Create pic","timestamp":"2017-12-13T21:24:46.867Z"}
{"level":"info","message":"Request from ::1","timestamp":"2017-12-13T21:24:46.965Z"}
{"level":"info","message":"Request from ::1","timestamp":"2017-12-13T21:24:47.073Z"}
{"level":"verbose","message":"Upload file for pic 5a319a9e9605dd2fd4b90bcf and 5a2daa062c8da428882a3aaa","timestamp":"2017-12-13T21:24:47.122Z"}
{"level":"info","message":"Loading Mongoose functionality","timestamp":"2017-12-13T21:29:56.663Z"}
{"level":"info","message":"Starting application","timestamp":"2017-12-13T21:29:57.131Z"}
{"level":"info","message":"HTTP Server listening on port: 5000, in development mode","timestamp":"2017-12-13T21:29:57.161Z"}
{"level":"info","message":"Mongoose connected to the database","timestamp":"2017-12-13T21:29:57.227Z"}
{"level":"info","message":"Request from ::1","timestamp":"2017-12-13T21:32:06.675Z"}
{"level":"verbose","message":"Get all galleries for 5a2daa062c8da428882a3aaa","timestamp":"2017-12-13T21:32:06.679Z"}
{"level":"info","message":"Request from ::1","timestamp":"2017-12-13T21:32:13.163Z"}
{"level":"verbose","message":"Create pic","timestamp":"2017-12-13T21:32:13.198Z"}
{"level":"info","message":"Request from ::1","timestamp":"2017-12-13T21:32:13.279Z"}
{"level":"info","message":"Request from ::1","timestamp":"2017-12-13T21:32:13.306Z"}
{"level":"verbose","message":"Upload file for pic 5a319c5da8e1c3022c294472 and 5a2daa062c8da428882a3aaa","timestamp":"2017-12-13T21:32:13.497Z"}
{"level":"info","message":"Loading Mongoose functionality","timestamp":"2017-12-13T21:36:57.458Z"}
{"level":"info","message":"Starting application","timestamp":"2017-12-13T21:36:57.885Z"}
{"level":"info","message":"HTTP Server listening on port: 5000, in development mode","timestamp":"2017-12-13T21:36:57.906Z"}
{"level":"info","message":"Mongoose connected to the database","timestamp":"2017-12-13T21:36:57.952Z"}
{"level":"info","message":"Request from ::1","timestamp":"2017-12-13T21:37:11.216Z"}
{"level":"verbose","message":"Create pic","timestamp":"2017-12-13T21:37:11.251Z"}
{"level":"info","message":"Request from ::1","timestamp":"2017-12-13T21:37:11.358Z"}
{"level":"info","message":"Request from ::1","timestamp":"2017-12-13T21:37:11.364Z"}
{"level":"info","message":"Loading Mongoose functionality","timestamp":"2017-12-13T21:37:29.618Z"}
{"level":"info","message":"Starting application","timestamp":"2017-12-13T21:37:30.199Z"}
{"level":"info","message":"HTTP Server listening on port: 5000, in development mode","timestamp":"2017-12-13T21:37:30.302Z"}
{"level":"info","message":"Mongoose connected to the database","timestamp":"2017-12-13T21:37:30.456Z"}
{"level":"info","message":"Request from ::1","timestamp":"2017-12-13T21:37:32.525Z"}
{"level":"verbose","message":"Create pic","timestamp":"2017-12-13T21:37:32.567Z"}
{"level":"info","message":"Request from ::1","timestamp":"2017-12-13T21:37:32.684Z"}
{"level":"info","message":"Request from ::1","timestamp":"2017-12-13T21:37:32.689Z"}
{"level":"info","message":"Loading Mongoose functionality","timestamp":"2017-12-13T21:37:47.158Z"}
{"level":"info","message":"Starting application","timestamp":"2017-12-13T21:37:47.716Z"}
{"level":"info","message":"HTTP Server listening on port: 5000, in development mode","timestamp":"2017-12-13T21:37:47.741Z"}
{"level":"info","message":"Mongoose connected to the database","timestamp":"2017-12-13T21:37:47.796Z"}
{"level":"info","message":"Request from ::1","timestamp":"2017-12-13T21:37:55.688Z"}
{"level":"verbose","message":"Create pic","timestamp":"2017-12-13T21:37:55.726Z"}
{"level":"info","message":"Request from ::1","timestamp":"2017-12-13T21:37:55.788Z"}
{"level":"info","message":"Request from ::1","timestamp":"2017-12-13T21:37:55.827Z"}
{"level":"verbose","message":"Upload file for pic 5a319db33517af2a14bbdad1 and 5a2daa062c8da428882a3aaa","timestamp":"2017-12-13T21:37:55.903Z"}
{"level":"info","message":"Request from ::1","timestamp":"2017-12-13T21:39:00.239Z"}
{"level":"verbose","message":"Get all galleries for 5a2daa062c8da428882a3aaa","timestamp":"2017-12-13T21:39:00.241Z"}
{"level":"info","message":"Request from ::1","timestamp":"2017-12-13T21:39:09.834Z"}
{"level":"verbose","message":"Create pic","timestamp":"2017-12-13T21:39:09.836Z"}
{"level":"info","message":"Request from ::1","timestamp":"2017-12-13T21:39:09.869Z"}
{"level":"info","message":"Request from ::1","timestamp":"2017-12-13T21:39:09.919Z"}
{"level":"verbose","message":"Upload file for pic 5a319dfd3517af2a14bbdad2 and 5a2daa062c8da428882a3aaa","timestamp":"2017-12-13T21:39:10.049Z"}
{"level":"info","message":"Loading Mongoose functionality","timestamp":"2017-12-13T22:19:10.088Z"}
{"level":"info","message":"Starting application","timestamp":"2017-12-13T22:19:12.655Z"}
{"level":"info","message":"HTTP Server listening on port: 5000, in development mode","timestamp":"2017-12-13T22:19:12.692Z"}
{"level":"info","message":"Mongoose connected to the database","timestamp":"2017-12-13T22:19:12.755Z"}
{"level":"info","message":"Request from ::1","timestamp":"2017-12-13T22:20:10.661Z"}
{"level":"info","message":"Request from ::1","timestamp":"2017-12-13T22:20:11.207Z"}
{"level":"verbose","message":"Get all galleries for 5a2daa062c8da428882a3aaa","timestamp":"2017-12-13T22:20:11.209Z"}
{"level":"info","message":"Request from ::1","timestamp":"2017-12-13T22:20:24.185Z"}
{"level":"verbose","message":"Create pic","timestamp":"2017-12-13T22:20:24.187Z"}
{"level":"info","message":"Request from ::1","timestamp":"2017-12-13T22:20:24.240Z"}
{"level":"info","message":"Request from ::1","timestamp":"2017-12-13T22:20:24.296Z"}
{"level":"verbose","message":"Upload file for pic 5a31a7a85fab271afc001e34 and 5a2daa062c8da428882a3aaa","timestamp":"2017-12-13T22:20:24.358Z"}
{"level":"info","message":"Request from ::1","timestamp":"2017-12-13T22:23:01.198Z"}
{"level":"verbose","message":"Create pic","timestamp":"2017-12-13T22:23:01.199Z"}
{"level":"info","message":"Request from ::1","timestamp":"2017-12-13T22:23:56.115Z"}
{"level":"info","message":"Request from ::1","timestamp":"2017-12-13T22:23:56.155Z"}
{"level":"verbose","message":"Upload file for pic 5a31a8455fab271afc001e35 and 5a2daa062c8da428882a3aaa","timestamp":"2017-12-13T22:23:56.351Z"}
{"level":"info","message":"Request from ::1","timestamp":"2017-12-13T22:26:22.797Z"}
{"level":"verbose","message":"Get all galleries for 5a2daa062c8da428882a3aaa","timestamp":"2017-12-13T22:26:22.799Z"}
{"level":"info","message":"Request from ::1","timestamp":"2017-12-13T22:29:45.193Z"}
{"level":"verbose","message":"Get all galleries for 5a2daa062c8da428882a3aaa","timestamp":"2017-12-13T22:29:45.211Z"}
{"level":"info","message":"Request from ::1","timestamp":"2017-12-13T22:29:49.280Z"}
{"level":"verbose","message":"Get all pics for gallery5a2f12d728859a21a47df672","timestamp":"2017-12-13T22:29:49.281Z"}
{"level":"info","message":"Loading Mongoose functionality","timestamp":"2017-12-13T22:30:46.277Z"}
{"level":"info","message":"Starting application","timestamp":"2017-12-13T22:30:47.054Z"}
{"level":"info","message":"HTTP Server listening on port: 5000, in development mode","timestamp":"2017-12-13T22:30:47.080Z"}
{"level":"info","message":"Mongoose connected to the database","timestamp":"2017-12-13T22:30:47.140Z"}
{"level":"info","message":"Request from ::1","timestamp":"2017-12-13T22:30:55.138Z"}
{"level":"verbose","message":"Get all pics for gallery5a2f12d728859a21a47df672","timestamp":"2017-12-13T22:30:55.142Z"}
{"level":"info","message":"Request from ::1","timestamp":"2017-12-13T22:31:00.529Z"}
{"level":"verbose","message":"Create pic","timestamp":"2017-12-13T22:31:00.564Z"}
{"level":"info","message":"Request from ::1","timestamp":"2017-12-13T22:31:06.812Z"}
{"level":"info","message":"Request from ::1","timestamp":"2017-12-13T22:31:06.831Z"}
{"level":"verbose","message":"Upload file for pic 5a31aa244b6c1421f8642cb9 and 5a2daa062c8da428882a3aaa","timestamp":"2017-12-13T22:31:06.891Z"}
{"level":"info","message":"Request from ::1","timestamp":"2017-12-13T22:31:24.465Z"}
{"level":"verbose","message":"Get all galleries for 5a2daa062c8da428882a3aaa","timestamp":"2017-12-13T22:31:24.467Z"}
{"level":"info","message":"Request from ::1","timestamp":"2017-12-13T22:31:27.626Z"}
{"level":"verbose","message":"Get all pics for gallery5a2f12d728859a21a47df672","timestamp":"2017-12-13T22:31:27.628Z"}
{"level":"info","message":"Loading Mongoose functionality","timestamp":"2017-12-13T22:32:07.027Z"}
{"level":"info","message":"Starting application","timestamp":"2017-12-13T22:32:07.979Z"}
{"level":"info","message":"HTTP Server listening on port: 5000, in development mode","timestamp":"2017-12-13T22:32:08.030Z"}
{"level":"info","message":"Mongoose connected to the database","timestamp":"2017-12-13T22:32:08.139Z"}
{"level":"info","message":"Request from ::1","timestamp":"2017-12-13T22:37:13.636Z"}
{"level":"verbose","message":"Get all galleries for 5a2daa062c8da428882a3aaa","timestamp":"2017-12-13T22:37:13.639Z"}
{"level":"info","message":"Loading Mongoose functionality","timestamp":"2017-12-13T22:37:17.182Z"}
{"level":"info","message":"Starting application","timestamp":"2017-12-13T22:37:17.863Z"}
{"level":"info","message":"HTTP Server listening on port: 5000, in development mode","timestamp":"2017-12-13T22:37:17.902Z"}
{"level":"info","message":"Mongoose connected to the database","timestamp":"2017-12-13T22:37:17.976Z"}
{"level":"info","message":"Request from ::1","timestamp":"2017-12-13T22:37:19.894Z"}
{"level":"verbose","message":"Get all pics for 5a2f12d728859a21a47df672","timestamp":"2017-12-13T22:37:19.918Z"}
{"level":"info","message":"Request from ::1","timestamp":"2017-12-13T22:37:20.154Z"}
{"level":"info","message":"Request from ::1","timestamp":"2017-12-13T22:38:09.028Z"}
{"level":"verbose","message":"Create pic","timestamp":"2017-12-13T22:38:09.077Z"}
{"level":"info","message":"Request from ::1","timestamp":"2017-12-13T22:38:16.192Z"}
{"level":"info","message":"Request from ::1","timestamp":"2017-12-13T22:38:16.217Z"}
{"level":"verbose","message":"Upload file for pic 5a31abd11423c41c20630d4e and 5a2daa062c8da428882a3aaa","timestamp":"2017-12-13T22:38:16.305Z"}
{"level":"info","message":"Request from ::1","timestamp":"2017-12-13T22:38:21.304Z"}
